Flutter crash report; please file at https://github.com/flutter/flutter/issues.

## command

flutter run

## exception

ProcessException: ProcessException: Process "/home/bittu/SOAD_APP/soad_app/android/gradlew" exited abnormally:

ERROR: JAVA_HOME is not set and no 'java' command could be found in your PATH.

Please set the JAVA_HOME variable in your environment to match the
location of your Java installation.
  Command: /home/bittu/SOAD_APP/soad_app/android/gradlew -v

```
#0      runCheckedAsync (package:flutter_tools/src/base/process.dart:259:7)
<asynchronous suspension>
#1      _initializeGradle (package:flutter_tools/src/android/gradle.dart:300:9)
<asynchronous suspension>
#2      _ensureGradle (package:flutter_tools/src/android/gradle.dart:281:37)
<asynchronous suspension>
#3      _readGradleProject (package:flutter_tools/src/android/gradle.dart:192:31)
<asynchronous suspension>
#4      _gradleAppProject (package:flutter_tools/src/android/gradle.dart:112:37)
<asynchronous suspension>
#5      getGradleAppOut (package:flutter_tools/src/android/gradle.dart:106:29)
<asynchronous suspension>
#6      AndroidApk.fromAndroidProject (package:flutter_tools/src/application_package.dart:164:23)
<asynchronous suspension>
#7      ApplicationPackageFactory.getPackageForPlatform (package:flutter_tools/src/application_package.dart:46:32)
<asynchronous suspension>
#8      FlutterDevice.runHot (package:flutter_tools/src/resident_runner.dart:359:56)
<asynchronous suspension>
#9      HotRunner.run (package:flutter_tools/src/run_hot.dart:254:39)
<asynchronous suspension>
#10     RunCommand.runCommand (package:flutter_tools/src/commands/run.dart:472:37)
<asynchronous suspension>
#11     FlutterCommand.verifyThenRunCommand (package:flutter_tools/src/runner/flutter_command.dart:490:18)
#12     _asyncThenWrapperHelper.<anonymous closure> (dart:async-patch/async_patch.dart:71:64)
#13     _rootRunUnary (dart:async/zone.dart:1132:38)
#14     _CustomZone.runUnary (dart:async/zone.dart:1029:19)
#15     _FutureListener.handleValue (dart:async/future_impl.dart:137:18)
#16     Future._propagateToListeners.handleValueCallback (dart:async/future_impl.dart:678:45)
#17     Future._propagateToListeners (dart:async/future_impl.dart:707:32)
#18     Future._completeWithValue (dart:async/future_impl.dart:522:5)
#19     _AsyncAwaitCompleter.complete (dart:async-patch/async_patch.dart:30:15)
#20     _completeOnAsyncReturn (dart:async-patch/async_patch.dart:288:13)
#21     RunCommand.usageValues (package:flutter_tools/src/commands/run.dart)
#22     _asyncThenWrapperHelper.<anonymous closure> (dart:async-patch/async_patch.dart:71:64)
#23     _rootRunUnary (dart:async/zone.dart:1132:38)
#24     _CustomZone.runUnary (dart:async/zone.dart:1029:19)
#25     _FutureListener.handleValue (dart:async/future_impl.dart:137:18)
#26     Future._propagateToListeners.handleValueCallback (dart:async/future_impl.dart:678:45)
#27     Future._propagateToListeners (dart:async/future_impl.dart:707:32)
#28     Future._completeWithValue (dart:async/future_impl.dart:522:5)
#29     _AsyncAwaitCompleter.complete (dart:async-patch/async_patch.dart:30:15)
#30     _completeOnAsyncReturn (dart:async-patch/async_patch.dart:288:13)
#31     AndroidDevice.isLocalEmulator (package:flutter_tools/src/android/android_device.dart)
#32     _asyncThenWrapperHelper.<anonymous closure> (dart:async-patch/async_patch.dart:71:64)
#33     _rootRunUnary (dart:async/zone.dart:1132:38)
#34     _CustomZone.runUnary (dart:async/zone.dart:1029:19)
#35     _FutureListener.handleValue (dart:async/future_impl.dart:137:18)
#36     Future._propagateToListeners.handleValueCallback (dart:async/future_impl.dart:678:45)
#37     Future._propagateToListeners (dart:async/future_impl.dart:707:32)
#38     Future._completeWithValue (dart:async/future_impl.dart:522:5)
#39     Future._asyncComplete.<anonymous closure> (dart:async/future_impl.dart:552:7)
#40     _rootRun (dart:async/zone.dart:1124:13)
#41     _CustomZone.run (dart:async/zone.dart:1021:19)
#42     _CustomZone.runGuarded (dart:async/zone.dart:923:7)
#43     _CustomZone.bindCallbackGuarded.<anonymous closure> (dart:async/zone.dart:963:23)
#44     _microtaskLoop (dart:async/schedule_microtask.dart:41:21)
#45     _startMicrotaskLoop (dart:async/schedule_microtask.dart:50:5)
#46     _runPendingImmediateCallback (dart:isolate-patch/isolate_patch.dart:116:13)
#47     _RawReceivePortImpl._handleMessage (dart:isolate-patch/isolate_patch.dart:173:5)
```

## flutter doctor

```
[32m[✓][39m Flutter (Channel stable, v1.9.1+hotfix.6, on Linux, locale en_GB.UTF-8)
    [32m•[39m Flutter version 1.9.1+hotfix.6 at /home/bittu/Downloads/flutter
    [32m•[39m Framework revision 68587a0916 (8 weeks ago), 2019-09-13 19:46:58 -0700
    [32m•[39m Engine revision b863200c37
    [32m•[39m Dart version 2.5.0

[33m[!][39m Android toolchain - develop for Android devices (Android SDK version 29.0.2)
    [32m•[39m Android SDK at /home/bittu/Android/Sdk
    [32m•[39m Android NDK location not configured (optional; useful for native profiling support)
    [32m•[39m Platform android-29, build-tools 29.0.2
    [31m✗[39m No Java Development Kit (JDK) found; You must have the environment variable JAVA_HOME set and the
      java binary in your PATH. You can download the JDK from
      https://www.oracle.com/technetwork/java/javase/downloads/.

[33m[!][39m Android Studio (not installed)
    [32m•[39m Android Studio not found; download from https://developer.android.com/studio/index.html
      (or visit https://flutter.dev/setup/#android-setup for detailed instructions).

[32m[✓][39m Connected device (1 available)
    [32m•[39m Redmi 4A • 5b73d2557d34 • android-arm64 • Android 7.1.2 (API 25)

[33m![39m Doctor found issues in 2 categories.
```
